# Logfile created on 2013-10-01 22:10:44 +0000 by logger.rb/1.2.8
Started GET "/" at 2013-10-01 22:11:12 +0000
Detecting locale EN
Found page "Home page" [index]
  Rendered snippet footer
  Rendered liquid page template
Completed 200 OK in 7.3ms


Started GET "/" at 2013-10-02 18:55:42 +0000
Detecting locale EN
Found page "Home page" [index]
  Rendered snippet header
  Rendered snippet footer
  Rendered snippet scripts
  Rendered liquid page template
Completed 200 OK in 21.1ms


Started GET "/" at 2013-10-02 18:59:48 +0000
Detecting locale EN
Found page "Home page" [index]
  Rendered snippet header
  Rendered snippet footer
  Rendered snippet scripts
  Rendered liquid page template
Completed 200 OK in 6.2ms


Started GET "/" at 2013-10-02 18:59:51 +0000
Detecting locale EN
Found page "Home page" [index]
  Rendered snippet header
  Rendered snippet footer
  Rendered snippet scripts
  Rendered liquid page template
Completed 200 OK in 4.8ms


Started GET "/" at 2013-10-02 19:01:27 +0000
Detecting locale EN
Found page "Home page" [index]
  Rendered snippet header
  Rendered snippet footer
  Rendered snippet scripts
  Rendered liquid page template
Completed 200 OK in 6.9ms


Started GET "/" at 2013-10-02 19:01:35 +0000
Detecting locale EN
Found page "Home page" [index]
  Rendered snippet header
  Rendered snippet footer
  Rendered snippet scripts
  Rendered liquid page template
Completed 200 OK in 5.6ms


Started GET "/" at 2013-10-02 19:18:04 +0000
Detecting locale EN
Found page "Home page" [index]
  Rendered snippet header
  Rendered snippet footer
  Rendered snippet scripts
  Rendered liquid page template
Completed 200 OK in 6.2ms


Started GET "/" at 2013-10-02 19:18:08 +0000
Detecting locale EN
Found page "Home page" [index]
  Rendered snippet header
  Rendered snippet footer
  Rendered snippet scripts
  Rendered liquid page template
Completed 200 OK in 4.5ms


Started GET "/about" at 2013-10-02 19:18:08 +0000
Detecting locale EN
Found page "About" [about]
  Rendered snippet header
  Rendered snippet footer
  Rendered snippet scripts
  Rendered liquid page template
Completed 200 OK in 4.7ms


Started GET "/" at 2013-10-02 19:18:10 +0000
Detecting locale EN
Found page "Home page" [index]
  Rendered snippet header
  Rendered snippet footer
  Rendered snippet scripts
  Rendered liquid page template
Completed 200 OK in 4.5ms


Started GET "/about" at 2013-10-02 19:18:11 +0000
Detecting locale EN
Found page "About" [about]
  Rendered snippet header
  Rendered snippet footer
  Rendered snippet scripts
  Rendered liquid page template
Completed 200 OK in 5.0ms


Started GET "/" at 2013-10-02 19:18:11 +0000
Detecting locale EN
Found page "Home page" [index]
  Rendered snippet header
  Rendered snippet footer
  Rendered snippet scripts
  Rendered liquid page template
Completed 200 OK in 3.9ms


Started GET "/about" at 2013-10-02 19:23:07 +0000
Detecting locale EN
Found page "About" [about]
  Rendered snippet header
  Rendered snippet footer
  Rendered snippet scripts
  Rendered liquid page template
Completed 200 OK in 4.8ms


Started GET "/" at 2013-10-02 19:23:08 +0000
Detecting locale EN
Found page "Home page" [index]
  Rendered snippet header
  Rendered snippet footer
  Rendered snippet scripts
  Rendered liquid page template
Completed 200 OK in 4.0ms


Started GET "/about" at 2013-10-02 19:23:09 +0000
Detecting locale EN
Found page "About" [about]
  Rendered snippet header
  Rendered snippet footer
  Rendered snippet scripts
  Rendered liquid page template
Completed 200 OK in 4.4ms


Started GET "/" at 2013-10-02 19:23:09 +0000
Detecting locale EN
Found page "Home page" [index]
  Rendered snippet header
  Rendered snippet footer
  Rendered snippet scripts
  Rendered liquid page template
Completed 200 OK in 4.7ms


Started GET "/about" at 2013-10-02 19:23:10 +0000
Detecting locale EN
Found page "About" [about]
  Rendered snippet header
  Rendered snippet footer
  Rendered snippet scripts
  Rendered liquid page template
Completed 200 OK in 4.9ms


Started GET "/" at 2013-10-02 19:23:18 +0000
Detecting locale EN
Found page "Home page" [index]
  Rendered snippet header
  Rendered snippet footer
  Rendered snippet scripts
  Rendered liquid page template
Completed 200 OK in 5.2ms


Started GET "/about" at 2013-10-02 19:23:26 +0000
Detecting locale EN
Found page "About" [about]
  Rendered snippet header
  Rendered snippet footer
  Rendered snippet scripts
  Rendered liquid page template
Completed 200 OK in 6.1ms


Started GET "/" at 2013-10-02 19:23:34 +0000
Detecting locale EN
Found page "Home page" [index]
  Rendered snippet header
  Rendered snippet footer
  Rendered snippet scripts
  Rendered liquid page template
Completed 200 OK in 6.8ms


Started GET "/" at 2013-10-02 20:18:51 +0000
Detecting locale EN
Found page "Home page" [index]
  Rendered snippet header
  Rendered snippet footer
  Rendered snippet scripts
  Rendered liquid page template
Completed 200 OK in 6.9ms


Started GET "/about" at 2013-10-02 20:18:52 +0000
Detecting locale EN
Found page "About" [about]
  Rendered snippet header
  Rendered snippet footer
  Rendered snippet scripts
  Rendered liquid page template
Completed 200 OK in 4.5ms


Started GET "/" at 2013-10-02 20:18:53 +0000
Detecting locale EN
Found page "Home page" [index]
  Rendered snippet header
  Rendered snippet footer
  Rendered snippet scripts
  Rendered liquid page template
Completed 200 OK in 3.8ms


Started GET "/about" at 2013-10-02 20:18:54 +0000
Detecting locale EN
Found page "About" [about]
  Rendered snippet header
  Rendered snippet footer
  Rendered snippet scripts
  Rendered liquid page template
Completed 200 OK in 4.9ms


Started GET "/" at 2013-10-02 20:18:54 +0000
Detecting locale EN
Found page "Home page" [index]
  Rendered snippet header
  Rendered snippet footer
  Rendered snippet scripts
  Rendered liquid page template
Completed 200 OK in 4.1ms


Started GET "/" at 2013-10-02 20:46:58 +0000
Detecting locale EN
Found page "Home page" [index]
  Rendered snippet header
  Rendered snippet footer
  Rendered snippet scripts
  Rendered liquid page template
Completed 200 OK in 4.9ms


Started GET "/about" at 2013-10-02 20:46:59 +0000
Detecting locale EN
Found page "About" [about]
  Rendered snippet header
  Rendered snippet footer
  Rendered snippet scripts
  Rendered liquid page template
Completed 200 OK in 5.4ms


Started GET "/" at 2013-10-02 20:47:00 +0000
Detecting locale EN
Found page "Home page" [index]
  Rendered snippet header
  Rendered snippet footer
  Rendered snippet scripts
  Rendered liquid page template
Completed 200 OK in 4.7ms


Started GET "/" at 2013-10-02 20:48:15 +0000
Detecting locale EN
Found page "Home page" [index]
  Rendered snippet header
  Rendered snippet footer
  Rendered snippet scripts
  Rendered liquid page template
Completed 200 OK in 4.8ms


Started GET "/about" at 2013-10-02 20:48:16 +0000
Detecting locale EN
Found page "About" [about]
  Rendered snippet header
  Rendered snippet footer
  Rendered snippet scripts
  Rendered liquid page template
Completed 200 OK in 4.3ms


Started GET "/" at 2013-10-02 20:48:17 +0000
Detecting locale EN
Found page "Home page" [index]
  Rendered snippet header
  Rendered snippet footer
  Rendered snippet scripts
  Rendered liquid page template
Completed 200 OK in 4.0ms


Started GET "/" at 2013-10-02 20:48:28 +0000
Detecting locale EN
Found page "Home page" [index]
  Rendered snippet header
  Rendered snippet footer
  Rendered snippet scripts
  Rendered liquid page template
Completed 200 OK in 4.3ms


Started GET "/" at 2013-10-02 20:50:48 +0000
Detecting locale EN
Found page "Home page" [index]
  Rendered snippet header
  Rendered snippet footer
  Rendered snippet scripts
  Rendered liquid page template
Completed 200 OK in 5.5ms


Started GET "/" at 2013-10-02 20:51:18 +0000
Detecting locale EN
Found page "Home page" [index]
  Rendered snippet header
  Rendered snippet footer
  Rendered snippet scripts
  Rendered liquid page template
Completed 200 OK in 7.5ms


Started GET "/" at 2013-10-02 20:59:02 +0000
Detecting locale EN
Found page "Home page" [index]
  Rendered snippet header
  Rendered snippet footer
  Rendered snippet scripts
  Rendered liquid page template
Completed 200 OK in 4.5ms


Started GET "/" at 2013-10-02 20:59:04 +0000
Detecting locale EN
Found page "Home page" [index]
  Rendered snippet header
  Rendered snippet footer
  Rendered snippet scripts
  Rendered liquid page template
Completed 200 OK in 4.8ms


Started GET "/" at 2013-10-02 20:59:07 +0000
Detecting locale EN
Found page "Home page" [index]
  Rendered snippet header
  Rendered snippet footer
  Rendered snippet scripts
  Rendered liquid page template
Completed 200 OK in 6.4ms


Started GET "/" at 2013-10-02 20:59:27 +0000
Detecting locale EN
Found page "Home page" [index]
  Rendered snippet header
  Rendered snippet footer
  Rendered snippet scripts
  Rendered liquid page template
Completed 200 OK in 7.5ms


Started GET "/" at 2013-10-02 21:50:32 +0000
Detecting locale EN
Found page "Home page" [index]
  Rendered snippet header
  Rendered snippet footer
  Rendered snippet scripts
  Rendered liquid page template
Completed 200 OK in 5.2ms


Started GET "/" at 2013-10-02 21:51:51 +0000
Detecting locale EN
Found page "Home page" [index]
  Rendered snippet header
  Rendered snippet footer
  Rendered snippet scripts
  Rendered liquid page template
Completed 200 OK in 6.2ms


Started GET "/" at 2013-10-02 21:54:51 +0000
Detecting locale EN
Found page "Home page" [index]
  Rendered snippet header
  Rendered snippet footer
  Rendered snippet scripts
  Rendered liquid page template
Completed 200 OK in 8.9ms


unable to get an API token: Connection refused - connect(2)
unable to get an API token: Connection refused - connect(2)
unable to get an API token: Connection refused - connect(2)
Started GET "/" at 2013-10-07 17:12:51 +0000
Detecting locale EN
Found page "Home page" [index]
  Rendered snippet header
  Rendered snippet footer
  Rendered snippet scripts
  Rendered liquid page template
Completed 200 OK in 18.3ms


Started GET "/" at 2013-10-07 17:29:31 +0000
Detecting locale EN
Found page "Home page" [index]
  Rendered snippet header
  Rendered snippet footer
  Rendered snippet scripts
  Rendered liquid page template
Completed 200 OK in 5.0ms


Started GET "/" at 2013-10-07 17:29:40 +0000
Detecting locale EN
Found page "Home page" [index]
  Rendered snippet header
  Rendered snippet footer
  Rendered snippet scripts
  Rendered liquid page template
Completed 200 OK in 4.2ms


Started GET "/" at 2013-10-07 17:30:01 +0000
Detecting locale EN
Found page "Home page" [index]
  Rendered snippet header
  Rendered snippet footer
  Rendered snippet scripts
  Rendered liquid page template
Completed 200 OK in 6.4ms


Started GET "/css/img/sprites/icon-s7a09e31e51.png" at 2013-10-07 17:30:08 +0000
Detecting locale EN
Page not found
  Rendered liquid page template
Completed 200 OK in 3.1ms


Started GET "/about" at 2013-10-07 17:31:05 +0000
Detecting locale EN
Found page "About" [about]
  Rendered snippet header
  Rendered snippet footer
  Rendered snippet scripts
  Rendered liquid page template
Completed 200 OK in 4.2ms


Started GET "/css/img/sprites/icon-s7a09e31e51.png" at 2013-10-07 17:31:05 +0000
Detecting locale EN
Page not found
  Rendered liquid page template
Completed 200 OK in 4.3ms


Started GET "/" at 2013-10-07 17:32:15 +0000
Detecting locale EN
Found page "Home page" [index]
  Rendered snippet header
  Rendered snippet footer
  Rendered snippet scripts
  Rendered liquid page template
Completed 200 OK in 4.3ms


Started GET "/css/img/sprites/icon-s7a09e31e51.png" at 2013-10-07 17:32:15 +0000
Detecting locale EN
Page not found
  Rendered liquid page template
Completed 200 OK in 7.7ms


Started GET "/" at 2013-10-07 17:38:05 +0000
Detecting locale EN
Found page "Home page" [index]
  Rendered snippet header
  Rendered snippet footer
  Rendered snippet scripts
  Rendered liquid page template
Completed 200 OK in 8.6ms


Started GET "/css/img/sprites/icon-s7a09e31e51.png" at 2013-10-07 17:38:08 +0000
Detecting locale EN
Page not found
  Rendered liquid page template
Completed 200 OK in 42.1ms


Started GET "/" at 2013-10-07 17:41:28 +0000
Detecting locale EN
Found page "Home page" [index]
  Rendered snippet header
  Rendered snippet footer
  Rendered snippet scripts
  Rendered liquid page template
Completed 200 OK in 7.1ms


Started GET "/css/img/sprites/icon-s7a09e31e51.png" at 2013-10-07 17:41:28 +0000
Detecting locale EN
Page not found
  Rendered liquid page template
Completed 200 OK in 3.3ms


Started GET "/" at 2013-10-07 17:44:52 +0000
Detecting locale EN
Found page "Home page" [index]
  Rendered snippet header
  Rendered snippet footer
  Rendered snippet scripts
  Rendered liquid page template
Completed 200 OK in 8.9ms


Started GET "/css/img/sprites/icon-s7a09e31e51.png" at 2013-10-07 17:44:54 +0000
Detecting locale EN
Page not found
  Rendered liquid page template
Completed 200 OK in 2.5ms


Started GET "/" at 2013-10-07 17:48:48 +0000
Detecting locale EN
Found page "Home page" [index]
  Rendered snippet header
  Rendered snippet footer
  Rendered snippet scripts
  Rendered liquid page template
Completed 200 OK in 7.8ms


Started GET "/css/img/sprites/icon-s7a09e31e51.png" at 2013-10-07 17:48:48 +0000
Detecting locale EN
Page not found
  Rendered liquid page template
Completed 200 OK in 3.7ms


Started GET "/css/img/sprites/icon-s7a09e31e51.png" at 2013-10-07 17:50:09 +0000
Detecting locale EN
Page not found
  Rendered liquid page template
Completed 200 OK in 5.3ms


Started GET "/" at 2013-10-07 17:58:16 +0000
Detecting locale EN
Found page "Home page" [index]
  Rendered snippet header
  Rendered snippet footer
  Rendered snippet scripts
  Rendered liquid page template
Completed 200 OK in 5.2ms


Started GET "/css/img/sprites/icon-s7a09e31e51.png" at 2013-10-07 17:58:16 +0000
Detecting locale EN
Page not found
  Rendered liquid page template
Completed 200 OK in 12.5ms


Started GET "/" at 2013-10-07 18:03:03 +0000
Detecting locale EN
Found page "Home page" [index]
  Rendered snippet header
  Rendered snippet footer
  Rendered snippet scripts
  Rendered liquid page template
Completed 200 OK in 7.4ms


Started GET "/image/sprites/icon-s7a09e31e51.png" at 2013-10-07 18:03:03 +0000
Detecting locale EN
Page not found
  Rendered liquid page template
Completed 200 OK in 7.3ms


Started GET "/" at 2013-10-07 18:17:13 +0000
Detecting locale EN
Found page "Home page" [index]
  Rendered snippet header
  Rendered snippet footer
  Rendered snippet scripts
  Rendered liquid page template
Completed 200 OK in 7.0ms


Started GET "/image/sprites/icon-s7a09e31e51.png" at 2013-10-07 18:17:14 +0000
Detecting locale EN
Page not found
  Rendered liquid page template
Completed 200 OK in 90.3ms


Started GET "/" at 2013-10-07 18:17:17 +0000
Detecting locale EN
Found page "Home page" [index]
  Rendered snippet header
  Rendered snippet footer
  Rendered snippet scripts
  Rendered liquid page template
Completed 200 OK in 4.8ms


Started GET "/image/sprites/icon-s7a09e31e51.png" at 2013-10-07 18:17:17 +0000
Detecting locale EN
Page not found
  Rendered liquid page template
Completed 200 OK in 36.4ms


Started GET "/" at 2013-10-07 18:25:58 +0000
Detecting locale EN
Found page "Home page" [index]
  Rendered snippet header
  Rendered snippet footer
  Rendered snippet scripts
  Rendered liquid page template
Completed 200 OK in 6.7ms


Started GET "/image/sprites/icon-s7a09e31e51.png" at 2013-10-07 18:25:58 +0000
Detecting locale EN
Page not found
  Rendered liquid page template
Completed 200 OK in 5.4ms


Started GET "/" at 2013-10-07 18:26:44 +0000
Detecting locale EN
Found page "Home page" [index]
  Rendered snippet header
  Rendered snippet footer
  Rendered snippet scripts
  Rendered liquid page template
Completed 200 OK in 6.9ms


Started GET "/image/sprites/icon-s7a09e31e51.png" at 2013-10-07 18:26:45 +0000
Detecting locale EN
Page not found
  Rendered liquid page template
Completed 200 OK in 3.4ms


Started GET "/" at 2013-10-07 18:27:11 +0000
Detecting locale EN
Found page "Home page" [index]
  Rendered snippet header
  Rendered snippet footer
  Rendered snippet scripts
  Rendered liquid page template
Completed 200 OK in 9.4ms


Started GET "/image/sprites/icon-s7a09e31e51.png" at 2013-10-07 18:27:11 +0000
Detecting locale EN
Page not found
  Rendered liquid page template
Completed 200 OK in 3.6ms


Started GET "/" at 2013-10-07 18:28:43 +0000
Detecting locale EN
Found page "Home page" [index]
  Rendered snippet header
  Rendered snippet footer
  Rendered snippet scripts
  Rendered liquid page template
Completed 200 OK in 4.2ms


Started GET "/image/sprites/icon-s7a09e31e51.png" at 2013-10-07 18:28:44 +0000
Detecting locale EN
Page not found
  Rendered liquid page template
Completed 200 OK in 52.0ms


Started GET "/" at 2013-10-07 18:28:59 +0000
Detecting locale EN
Found page "Home page" [index]
  Rendered snippet header
  Rendered snippet footer
  Rendered snippet scripts
  Rendered liquid page template
Completed 200 OK in 5.2ms


Started GET "/image/sprites/icon-s7a09e31e51.png" at 2013-10-07 18:28:59 +0000
Detecting locale EN
Page not found
  Rendered liquid page template
Completed 200 OK in 3.3ms


Started GET "/" at 2013-10-07 18:29:31 +0000
Detecting locale EN
Found page "Home page" [index]
  Rendered snippet header
  Rendered snippet footer
  Rendered snippet scripts
  Rendered liquid page template
Completed 200 OK in 10.8ms


Started GET "/image/sprites/icon-s7a09e31e51.png" at 2013-10-07 18:29:32 +0000
Detecting locale EN
Page not found
  Rendered liquid page template
Completed 200 OK in 109.1ms


Started GET "/" at 2013-10-07 18:31:09 +0000
Detecting locale EN
Found page "Home page" [index]
  Rendered snippet header
  Rendered snippet footer
  Rendered snippet scripts
  Rendered liquid page template
Completed 200 OK in 7.6ms


Started GET "/image/sprites/icon-s7a09e31e51.png" at 2013-10-07 18:31:09 +0000
Detecting locale EN
Page not found
  Rendered liquid page template
Completed 200 OK in 33.0ms


Started GET "/" at 2013-10-07 18:32:24 +0000
Detecting locale EN
Found page "Home page" [index]
  Rendered snippet header
  Rendered snippet footer
  Rendered snippet scripts
  Rendered liquid page template
Completed 200 OK in 9.2ms


Started GET "/image/sprites/icon-s7a09e31e51.png" at 2013-10-07 18:32:25 +0000
Detecting locale EN
Page not found
  Rendered liquid page template
Completed 200 OK in 141.1ms


Started GET "/about" at 2013-10-07 18:32:48 +0000
Detecting locale EN
Found page "About" [about]
  Rendered snippet header
  Rendered snippet footer
  Rendered snippet scripts
  Rendered liquid page template
Completed 200 OK in 7.8ms


Started GET "/image/sprites/icon-s7a09e31e51.png" at 2013-10-07 18:32:48 +0000
Detecting locale EN
Page not found
  Rendered liquid page template
Completed 200 OK in 3.5ms


Started GET "/" at 2013-10-07 18:33:02 +0000
Detecting locale EN
Found page "Home page" [index]
  Rendered snippet header
  Rendered snippet footer
  Rendered snippet scripts
  Rendered liquid page template
Completed 200 OK in 4.9ms


Started GET "/image/sprites/icon-s7a09e31e51.png" at 2013-10-07 18:33:03 +0000
Detecting locale EN
Page not found
  Rendered liquid page template
Completed 200 OK in 114.9ms


Started GET "/" at 2013-10-07 18:33:05 +0000
Detecting locale EN
Found page "Home page" [index]
  Rendered snippet header
  Rendered snippet footer
  Rendered snippet scripts
  Rendered liquid page template
Completed 200 OK in 5.7ms


Started GET "/image/sprites/icon-s7a09e31e51.png" at 2013-10-07 18:33:06 +0000
Detecting locale EN
Page not found
  Rendered liquid page template
Completed 200 OK in 2.6ms


[0;31;49m      local_path => is already taken
[0m
[0;31;49m      local_path => is already taken
[0m
[0;31;49m      local_path => is already taken
[0m
[0;31;49m      local_path => is already taken
[0m
[0;31;49m      local_path => is already taken
[0m
[0;31;49m      local_path => is already taken
[0m
[0;31;49m      local_path => is already taken
[0m
[0;31;49m      local_path => is already taken
[0m
[0;31;49m      local_path => is already taken
[0m
[0;31;49m      local_path => is already taken
[0m
[0;31;49m      local_path => is already taken
[0m
[0;31;49m      local_path => is already taken
[0m
[0;31;49m      local_path => is already taken
[0m
[0;31;49m      local_path => is already taken
[0m
[0;31;49m      local_path => is already taken
[0m
[0;31;49m      local_path => is already taken
[0m
[0;31;49m      local_path => is already taken
[0m
[0;31;49m      local_path => is already taken
[0m
[0;31;49m      local_path => is already taken
[0m
[0;31;49m      local_path => is already taken
[0m
[0;31;49m      local_path => is already taken
[0m
[0;31;49m      local_path => is already taken
[0m
[0;31;49m      local_path => is already taken
[0m
[0;31;49m      local_path => is already taken
[0m
[0;31;49m      local_path => is already taken
[0m
[0;31;49m      local_path => is already taken
[0m
[0;31;49m      local_path => is already taken
[0m
[0;31;49m      local_path => is already taken
[0m
[0;31;49m      local_path => is already taken
[0m
[0;31;49m      local_path => is already taken
[0m
[0;31;49m      local_path => is already taken
[0m
[0;31;49m      local_path => is already taken
[0m
Started GET "/" at 2013-10-07 19:00:33 +0000
Detecting locale EN
Found page "Home page" [index]
  Rendered snippet header
  Rendered snippet footer
  Rendered snippet scripts
  Rendered liquid page template
Completed 200 OK in 7.6ms


Started GET "/image/sprites/icon-s7a09e31e51.png" at 2013-10-07 19:00:34 +0000
Detecting locale EN
Page not found
  Rendered liquid page template
Completed 200 OK in 22.2ms


Started GET "/" at 2013-10-07 19:18:27 +0000
Detecting locale EN
Found page "Home page" [index]
  Rendered snippet header
  Rendered snippet footer
  Rendered snippet scripts
  Rendered liquid page template
Completed 200 OK in 5.3ms


Started GET "/image/sprites/icon-s7a09e31e51.png" at 2013-10-07 19:18:28 +0000
Detecting locale EN
Page not found
  Rendered liquid page template
Completed 200 OK in 2.4ms


Started GET "/" at 2013-10-07 19:21:55 +0000
Detecting locale EN
Found page "Home page" [index]
  Rendered snippet header
  Rendered snippet footer
  Rendered snippet scripts
  Rendered liquid page template
Completed 200 OK in 6.9ms


Started GET "/image/sprites/icon-s7a09e31e51.png" at 2013-10-07 19:21:55 +0000
Detecting locale EN
Page not found
  Rendered liquid page template
Completed 200 OK in 78.8ms


Started GET "/" at 2013-10-07 19:26:39 +0000
Detecting locale EN
Found page "Home page" [index]
  Rendered snippet header
  Rendered snippet footer
  Rendered snippet scripts
  Rendered liquid page template
Completed 200 OK in 7.9ms


Started GET "/image/sprites/icon-s7a09e31e51.png" at 2013-10-07 19:26:40 +0000
Detecting locale EN
Page not found
  Rendered liquid page template
Completed 200 OK in 81.1ms


Started GET "/" at 2013-10-07 19:31:19 +0000
Detecting locale EN
Found page "Home page" [index]
  Rendered snippet header
  Rendered snippet footer
  Rendered snippet scripts
  Rendered liquid page template
Completed 200 OK in 5.5ms


Started GET "/image/sprites/icon-s7a09e31e51.png" at 2013-10-07 19:31:19 +0000
Detecting locale EN
Page not found
  Rendered liquid page template
Completed 200 OK in 4.5ms


Started GET "/" at 2013-10-07 19:35:12 +0000
Detecting locale EN
Found page "Home page" [index]
  Rendered snippet header
  Rendered snippet footer
  Rendered snippet scripts
  Rendered liquid page template
Completed 200 OK in 4.4ms


Started GET "/image/sprites/icon-s7a09e31e51.png" at 2013-10-07 19:35:12 +0000
Detecting locale EN
Page not found
  Rendered liquid page template
Completed 200 OK in 16.7ms


Started GET "/" at 2013-10-07 19:37:01 +0000
Detecting locale EN
Found page "Home page" [index]
  Rendered snippet header
  Rendered snippet footer
  Rendered snippet scripts
  Rendered liquid page template
Completed 200 OK in 7.7ms


Started GET "/image/sprites/icon-s7a09e31e51.png" at 2013-10-07 19:37:01 +0000
Detecting locale EN
Page not found
  Rendered liquid page template
Completed 200 OK in 79.2ms


Started GET "/" at 2013-10-07 19:37:41 +0000
Detecting locale EN
Found page "Home page" [index]
  Rendered snippet header
  Rendered snippet footer
  Rendered snippet scripts
  Rendered liquid page template
Completed 200 OK in 6.7ms


Started GET "/image/sprites/icon-s7a09e31e51.png" at 2013-10-07 19:37:42 +0000
Detecting locale EN
Page not found
  Rendered liquid page template
Completed 200 OK in 71.5ms


Started GET "/" at 2013-10-07 19:38:42 +0000
Detecting locale EN
Found page "Home page" [index]
  Rendered snippet header
  Rendered snippet footer
  Rendered snippet scripts
  Rendered liquid page template
Completed 200 OK in 6.7ms


Started GET "/image/sprites/icon-s7a09e31e51.png" at 2013-10-07 19:38:42 +0000
Detecting locale EN
Page not found
  Rendered liquid page template
Completed 200 OK in 12.3ms


Started GET "/" at 2013-10-07 19:41:50 +0000
Detecting locale EN
Found page "Home page" [index]
  Rendered snippet header
  Rendered snippet footer
  Rendered snippet scripts
  Rendered liquid page template
Completed 200 OK in 5.6ms


Started GET "/image/sprites/icon-s7a09e31e51.png" at 2013-10-07 19:41:50 +0000
Detecting locale EN
Page not found
  Rendered liquid page template
Completed 200 OK in 9.5ms


Started GET "/" at 2013-10-07 19:42:06 +0000
Detecting locale EN
Found page "Home page" [index]
  Rendered snippet header
  Rendered snippet footer
  Rendered snippet scripts
  Rendered liquid page template
Completed 200 OK in 7.4ms


Started GET "/image/sprites/icon-s7a09e31e51.png" at 2013-10-07 19:42:07 +0000
Detecting locale EN
Page not found
  Rendered liquid page template
Completed 200 OK in 1.9ms


Started GET "/" at 2013-10-07 19:46:54 +0000
Detecting locale EN
Found page "Home page" [index]
  Rendered snippet header
  Rendered snippet footer
  Rendered snippet scripts
  Rendered liquid page template
Completed 200 OK in 8.3ms


Started GET "/image/sprites/icon-s7a09e31e51.png" at 2013-10-07 19:46:55 +0000
Detecting locale EN
Page not found
  Rendered liquid page template
Completed 200 OK in 3.3ms


Started GET "/" at 2013-10-07 20:38:37 +0000
Detecting locale EN
Found page "Home page" [index]
  Rendered snippet header
  Rendered snippet footer
  Rendered snippet scripts
  Rendered liquid page template
Completed 200 OK in 7.7ms


Started GET "/image/sprites/icon-s7a09e31e51.png" at 2013-10-07 20:38:38 +0000
Detecting locale EN
Page not found
  Rendered liquid page template
Completed 200 OK in 60.6ms


Started GET "/" at 2013-10-07 20:39:05 +0000
Detecting locale EN
Found page "Home page" [index]
  Rendered snippet header
  Rendered snippet footer
  Rendered snippet scripts
  Rendered liquid page template
Completed 200 OK in 4.4ms


Started GET "/image/sprites/icon-s7a09e31e51.png" at 2013-10-07 20:39:05 +0000
Detecting locale EN
Page not found
  Rendered liquid page template
Completed 200 OK in 15.0ms


Started GET "/" at 2013-10-07 20:39:32 +0000
Detecting locale EN
Found page "Home page" [index]
  Rendered snippet header
  Rendered snippet footer
  Rendered snippet scripts
  Rendered liquid page template
Completed 200 OK in 6.9ms


Started GET "/image/sprites/icon-s7a09e31e51.png" at 2013-10-07 20:39:33 +0000
Detecting locale EN
Page not found
  Rendered liquid page template
Completed 200 OK in 2.2ms


Started GET "/" at 2013-10-07 20:41:15 +0000
Detecting locale EN
Found page "Home page" [index]
  Rendered snippet header
  Rendered snippet footer
  Rendered snippet scripts
  Rendered liquid page template
Completed 200 OK in 7.6ms


Started GET "/image/sprites/icon-s7a09e31e51.png" at 2013-10-07 20:41:16 +0000
Detecting locale EN
Page not found
  Rendered liquid page template
Completed 200 OK in 2.4ms


Started GET "/" at 2013-10-07 20:42:28 +0000
Detecting locale EN
Found page "Home page" [index]
  Rendered snippet header
  Rendered snippet footer
  Rendered snippet scripts
  Rendered liquid page template
Completed 200 OK in 7.2ms


Started GET "/image/sprites/icon-s7a09e31e51.png" at 2013-10-07 20:42:29 +0000
Detecting locale EN
Page not found
  Rendered liquid page template
Completed 200 OK in 5.0ms


Started GET "/" at 2013-10-07 21:17:59 +0000
Detecting locale EN
Found page "Home page" [index]
  Rendered snippet header
  Rendered snippet footer
  Rendered snippet scripts
  Rendered liquid page template
Completed 200 OK in 7.3ms


Started GET "/image/sprites/icon-s7a09e31e51.png" at 2013-10-07 21:18:00 +0000
Detecting locale EN
Page not found
  Rendered liquid page template
Completed 200 OK in 100.6ms


Started GET "/" at 2013-10-07 21:18:56 +0000
Detecting locale EN
Found page "Home page" [index]
  Rendered snippet header
  Rendered snippet footer
  Rendered snippet scripts
  Rendered liquid page template
Completed 200 OK in 5.8ms


Started GET "/image/sprites/icon-s7a09e31e51.png" at 2013-10-07 21:18:56 +0000
Detecting locale EN
Page not found
  Rendered liquid page template
Completed 200 OK in 61.8ms


Started GET "/" at 2013-10-07 21:19:50 +0000
Detecting locale EN
Found page "Home page" [index]
  Rendered snippet header
  Rendered snippet footer
  Rendered snippet scripts
  Rendered liquid page template
Completed 200 OK in 6.4ms


Started GET "/image/sprites/icon-s7a09e31e51.png" at 2013-10-07 21:19:50 +0000
Detecting locale EN
Page not found
  Rendered liquid page template
Completed 200 OK in 126.4ms


Started GET "/" at 2013-10-07 21:21:10 +0000
Detecting locale EN
Found page "Home page" [index]
  Rendered snippet header
  Rendered snippet footer
  Rendered snippet scripts
  Rendered liquid page template
Completed 200 OK in 7.4ms


Started GET "/image/sprites/icon-s7a09e31e51.png" at 2013-10-07 21:21:10 +0000
Detecting locale EN
Page not found
  Rendered liquid page template
Completed 200 OK in 31.0ms


Started GET "/" at 2013-10-07 21:22:54 +0000
Detecting locale EN
Found page "Home page" [index]
  Rendered snippet header
  Rendered snippet footer
  Rendered snippet scripts
  Rendered liquid page template
Completed 200 OK in 7.0ms


Started GET "/" at 2013-10-07 21:24:42 +0000
Detecting locale EN
Found page "Home page" [index]
  Rendered snippet header
  Rendered snippet footer
  Rendered snippet scripts
  Rendered liquid page template
Completed 200 OK in 7.2ms


Started GET "/" at 2013-10-07 21:24:47 +0000
Detecting locale EN
Found page "Home page" [index]
  Rendered snippet header
  Rendered snippet footer
  Rendered snippet scripts
  Rendered liquid page template
Completed 200 OK in 5.0ms


Started GET "/about" at 2013-10-07 21:24:49 +0000
Detecting locale EN
Found page "About" [about]
  Rendered snippet header
  Rendered snippet footer
  Rendered snippet scripts
  Rendered liquid page template
Completed 200 OK in 4.9ms


Started GET "/" at 2013-10-07 21:24:52 +0000
Detecting locale EN
Found page "Home page" [index]
  Rendered snippet header
  Rendered snippet footer
  Rendered snippet scripts
  Rendered liquid page template
Completed 200 OK in 6.1ms


Started GET "/about" at 2013-10-07 21:33:30 +0000
Detecting locale EN
Found page "About" [about]
  Rendered snippet header
  Rendered snippet footer
  Rendered snippet scripts
  Rendered liquid page template
Completed 200 OK in 4.9ms


Started GET "/" at 2013-10-07 21:33:31 +0000
Detecting locale EN
Found page "Home page" [index]
  Rendered snippet header
  Rendered snippet footer
  Rendered snippet scripts
  Rendered liquid page template
Completed 200 OK in 5.5ms


Started GET "/" at 2013-10-07 21:42:08 +0000
Detecting locale EN
Found page "Home page" [index]
  Rendered snippet header
  Rendered snippet footer
  Rendered snippet scripts
  Rendered liquid page template
Completed 200 OK in 7.0ms


Started GET "/%3C" at 2013-10-07 21:42:09 +0000
Detecting locale EN
Page not found
  Rendered liquid page template
Started GET "/%3C" at 2013-10-07 21:42:09 +0000
Detecting locale EN
Page not found
Started GET "/%3C" at 2013-10-07 21:42:09 +0000
Detecting locale EN
Page not found
  Rendered liquid page template
Completed 200 OK in 58.4ms


  Rendered liquid page template
Completed 200 OK in 59.5ms


Completed 200 OK in 66.4ms


Started GET "/img/main-image.jpg" at 2013-10-07 21:42:09 +0000
Detecting locale EN
Page not found
  Rendered liquid page template
Completed 200 OK in 42.1ms


Started GET "/" at 2013-10-07 21:46:22 +0000
Detecting locale EN
Found page "Home page" [index]
  Rendered snippet header
  Rendered snippet footer
  Rendered snippet scripts
  Rendered liquid page template
Completed 200 OK in 7.9ms


Started GET "/%3C" at 2013-10-07 21:46:23 +0000
Detecting locale EN
Page not found
  Rendered liquid page template
Completed 200 OK in 142.4ms


Started GET "/%3C" at 2013-10-07 21:46:23 +0000
Detecting locale EN
Page not found
  Rendered liquid page template
Completed 200 OK in 92.9ms


Started GET "/img/main-image.jpg" at 2013-10-07 21:46:23 +0000
Detecting locale EN
Page not found
  Rendered liquid page template
Completed 200 OK in 4.2ms


Started GET "/" at 2013-10-07 21:48:36 +0000
Detecting locale EN
Found page "Home page" [index]
  Rendered snippet header
  Rendered snippet footer
  Rendered snippet scripts
  Rendered liquid page template
Completed 200 OK in 8.0ms


Started GET "/%3C" at 2013-10-07 21:48:36 +0000
Detecting locale EN
Page not found
  Rendered liquid page template
Completed 200 OK in 108.3ms


Started GET "/%3C" at 2013-10-07 21:48:37 +0000
Detecting locale EN
Page not found
  Rendered liquid page template
Completed 200 OK in 31.5ms


Started GET "/" at 2013-10-07 21:50:53 +0000
Detecting locale EN
Found page "Home page" [index]
  Rendered snippet header
  Rendered snippet footer
  Rendered snippet scripts
  Rendered liquid page template
Completed 200 OK in 8.3ms


Started GET "/%3C" at 2013-10-07 21:50:54 +0000
Detecting locale EN
Page not found
  Rendered liquid page template
Completed 200 OK in 131.5ms


Started GET "/%3C" at 2013-10-07 21:50:54 +0000
Detecting locale EN
Page not found
  Rendered liquid page template
Completed 200 OK in 75.9ms


Started GET "/" at 2013-10-07 21:57:06 +0000
Detecting locale EN
Found page "Home page" [index]
  Rendered snippet header
  Rendered snippet footer
  Rendered snippet scripts
  Rendered liquid page template
Completed 200 OK in 9.1ms


Started GET "/" at 2013-10-07 22:11:25 +0000
Detecting locale EN
Found page "Home page" [index]
  Rendered snippet header
  Rendered snippet footer
  Rendered snippet scripts
  Rendered liquid page template
Completed 200 OK in 7.5ms


Started GET "/" at 2013-10-07 22:17:35 +0000
Detecting locale EN
Found page "Home page" [index]
  Rendered snippet header
  Rendered snippet footer
  Rendered snippet scripts
  Rendered liquid page template
Completed 200 OK in 7.9ms


Started GET "/" at 2013-10-07 22:19:46 +0000
Detecting locale EN
Found page "Home page" [index]
  Rendered snippet header
  Rendered snippet footer
  Rendered snippet scripts
  Rendered liquid page template
Completed 200 OK in 9.0ms


Started GET "/%3C" at 2013-10-07 22:19:47 +0000
Detecting locale EN
Started GET "/%3C" at 2013-10-07 22:19:47 +0000
Detecting locale EN
Page not found
  Rendered liquid page template
Completed 200 OK in 179.6ms


Page not found
  Rendered liquid page template
Completed 200 OK in 187.2ms


Started GET "/%3C" at 2013-10-07 22:19:47 +0000
Detecting locale EN
Page not found
  Rendered liquid page template
Completed 200 OK in 17.2ms


Started GET "/" at 2013-10-07 22:23:07 +0000
Detecting locale EN
Found page "Home page" [index]
  Rendered snippet header
  Rendered snippet footer
  Rendered snippet scripts
  Rendered liquid page template
Completed 200 OK in 9.9ms


Started GET "/" at 2013-10-07 22:23:12 +0000
Detecting locale EN
Found page "Home page" [index]
  Rendered snippet header
  Rendered snippet footer
  Rendered snippet scripts
  Rendered liquid page template
Completed 200 OK in 5.6ms


Started GET "/" at 2013-10-07 22:24:32 +0000
Detecting locale EN
Found page "Home page" [index]
  Rendered snippet header
  Rendered snippet footer
  Rendered snippet scripts
  Rendered liquid page template
Completed 200 OK in 7.2ms


Started GET "/" at 2013-10-07 22:31:10 +0000
Detecting locale EN
Found page "Home page" [index]
  Rendered snippet header
  Rendered snippet footer
  Rendered snippet scripts
  Rendered liquid page template
Completed 200 OK in 10.2ms


Started GET "/" at 2013-10-07 22:42:13 +0000
Detecting locale EN
Found page "Home page" [index]
  Rendered snippet header
  Rendered snippet footer
  Rendered snippet scripts
  Rendered liquid page template
Completed 200 OK in 9.7ms


Started GET "/about" at 2013-10-07 22:42:26 +0000
Detecting locale EN
Found page "About" [about]
  Rendered snippet header
  Rendered snippet footer
  Rendered snippet scripts
  Rendered liquid page template
Completed 200 OK in 6.2ms


Started GET "/" at 2013-10-07 23:50:32 +0000
Detecting locale EN
Found page "Home page" [index]
  Rendered snippet header
  Rendered snippet footer
  Rendered snippet scripts
  Rendered liquid page template
Completed 200 OK in 10.9ms


Started GET "/about" at 2013-10-07 23:50:37 +0000
Detecting locale EN
Found page "About" [about]
  Rendered snippet header
  Rendered snippet footer
  Rendered snippet scripts
  Rendered liquid page template
Completed 200 OK in 6.3ms


Started GET "/about" at 2013-10-07 23:50:42 +0000
Detecting locale EN
Found page "About" [about]
  Rendered snippet header
  Rendered snippet footer
  Rendered snippet scripts
  Rendered liquid page template
Completed 200 OK in 5.1ms


Started GET "/" at 2013-10-07 23:50:43 +0000
Detecting locale EN
Found page "Home page" [index]
  Rendered snippet header
  Rendered snippet footer
  Rendered snippet scripts
  Rendered liquid page template
Completed 200 OK in 5.6ms


Started GET "/" at 2013-10-08 15:32:46 +0000
Detecting locale EN
Found page "Home page" [index]
  Rendered snippet header
  Rendered snippet footer
  Rendered snippet scripts
  Rendered liquid page template
Completed 200 OK in 26.2ms


Started GET "/css/img/sprites/icon-s7a09e31e51.png" at 2013-10-08 15:32:46 +0000
Started GET "/img/main-image.jpg" at 2013-10-08 15:32:46 +0000
Detecting locale EN
Page not found
  Rendered liquid page template
Detecting locale EN
Page not found
  Rendered liquid page template
Completed 200 OK in 45.1ms


Completed 200 OK in 35.2ms


Started GET "/" at 2013-10-08 15:35:47 +0000
Detecting locale EN
Found page "Home page" [index]
  Rendered snippet header
  Rendered snippet footer
  Rendered snippet scripts
  Rendered liquid page template
Completed 200 OK in 8.4ms


Started GET "/img/main-image.jpg" at 2013-10-08 15:35:50 +0000
Detecting locale EN
Page not found
  Rendered liquid page template
Completed 200 OK in 82.8ms


Started GET "/" at 2013-10-08 15:35:59 +0000
Detecting locale EN
Found page "Home page" [index]
  Rendered snippet header
  Rendered snippet footer
  Rendered snippet scripts
  Rendered liquid page template
Completed 200 OK in 5.1ms


Started GET "/img/main-image.jpg" at 2013-10-08 15:35:59 +0000
Detecting locale EN
Page not found
  Rendered liquid page template
Completed 200 OK in 81.2ms


Started GET "/" at 2013-10-08 15:38:40 +0000
Detecting locale EN
Found page "Home page" [index]
  Rendered snippet header
  Rendered snippet footer
  Rendered snippet scripts
  Rendered liquid page template
Completed 200 OK in 4.7ms


Started GET "/img/main-image.jpg" at 2013-10-08 15:38:42 +0000
Detecting locale EN
Page not found
  Rendered liquid page template
Completed 200 OK in 70.9ms


Started GET "/" at 2013-10-08 15:39:17 +0000
Detecting locale EN
Found page "Home page" [index]
  Rendered snippet header
  Rendered snippet footer
  Rendered snippet scripts
  Rendered liquid page template
Completed 200 OK in 8.1ms


Started GET "/img/main-image.jpg" at 2013-10-08 15:39:17 +0000
Detecting locale EN
Page not found
  Rendered liquid page template
Completed 200 OK in 50.0ms


Started GET "/" at 2013-10-08 15:40:57 +0000
Detecting locale EN
Found page "Home page" [index]
  Rendered snippet header
  Rendered snippet footer
  Rendered snippet scripts
  Rendered liquid page template
Completed 200 OK in 7.0ms


Invalid email or password. (401)
unable to get an API token: Invalid email or password. (401)
Invalid email or password. (401)
unable to get an API token: Invalid email or password. (401)
Invalid email or password. (401)
unable to get an API token: Invalid email or password. (401)
Started GET "/" at 2013-10-08 16:16:38 +0000
Detecting locale EN
Found page "Home page" [index]
  Rendered snippet header
  Rendered snippet footer
  Rendered snippet scripts
  Rendered liquid page template
Completed 200 OK in 7.8ms


Started GET "/" at 2013-10-08 16:32:01 +0000
Detecting locale EN
Found page "Home page" [index]
  Rendered snippet header
  Rendered snippet footer
  Rendered snippet scripts
  Rendered liquid page template
Completed 200 OK in 9.7ms


Started GET "/" at 2013-10-08 17:10:20 +0000
Detecting locale EN
Found page "Home page" [index]
  Rendered snippet header
  Rendered snippet footer
  Rendered snippet scripts
  Rendered liquid page template
Completed 200 OK in 7.7ms


Started GET "/" at 2013-10-08 17:13:52 +0000
Detecting locale EN
Found page "Home page" [index]
  Rendered snippet header
  Rendered snippet footer
  Rendered snippet scripts
  Rendered liquid page template
Completed 200 OK in 8.2ms


Started GET "/" at 2013-10-08 17:16:47 +0000
Detecting locale EN
Found page "Home page" [index]
  Rendered snippet header
  Rendered snippet footer
  Rendered snippet scripts
  Rendered liquid page template
Completed 200 OK in 8.5ms


Started GET "/" at 2013-10-08 17:31:39 +0000
Detecting locale EN
Found page "Home page" [index]
  Rendered snippet header
  Rendered snippet footer
  Rendered snippet scripts
  Rendered liquid page template
Completed 200 OK in 58.3ms


Started GET "/" at 2013-10-08 17:33:45 +0000
Detecting locale EN
Found page "Home page" [index]
  Rendered snippet header
  Rendered snippet footer
  Rendered snippet scripts
  Rendered liquid page template
Completed 200 OK in 29.9ms


Started GET "/" at 2013-10-08 17:40:56 +0000
Detecting locale EN
Found page "Home page" [index]
  Rendered snippet header
  Rendered snippet footer
  Rendered snippet scripts
  Rendered liquid page template
Completed 200 OK in 31.9ms


